2022-09-09 17:22:53,023  INFO [main] mavenDemo1:14 - URL is Entered
URL is Entered
URL is Entered
2022-09-09 17:32:56,279  INFO [main] mavenDemo1:14 - URL is Entered
2022-09-09 17:39:20,890  INFO [main] mavenDemo1:14 - URL is Entered
2022-09-09 18:03:44,088  INFO [main] mavenDemo1:14 - URL is Entered
2022-09-09 18:08:43,476  INFO [main] mavenDemo1:14 - URL is Entered
2022-09-09 18:11:22,720  INFO [main] mavenDemo1:14 - URL is Entered
2022-09-09 18:17:47,842  INFO [main] mavenDemo1:14 - URL is Entered
2022-09-09 19:26:33,440  INFO [main] mavenDemo1:14 - URL is Entered
2022-09-09 19:30:34,742  INFO [main] mavenDemo1:14 - URL is Entered
2022-09-09 19:30:45,005  INFO [main] mavenDemo1:19 - Username is Entered
2022-09-09 19:32:27,220  INFO [main] mavenDemo1:14 - URL is Entered
2022-09-09 19:32:37,335  INFO [main] mavenDemo1:18 - Username is Entered
2022-09-09 19:33:44,554  INFO [main] mavenDemo1:14 - URL is Entered
2022-09-09 19:33:49,666  INFO [main] mavenDemo1:18 - Username is Entered
2022-09-09 19:36:00,062  INFO [main] mavenDemo1:14 - URL is Entered
2022-09-09 19:36:05,151  INFO [main] mavenDemo1:18 - Username is Entered
2022-09-09 19:36:14,221  INFO [main] mavenDemo1:22 - Password is Entered
2022-09-09 19:38:48,544  INFO [main] mavenDemo1:14 - URL is Entered
2022-09-09 19:38:53,621  INFO [main] mavenDemo1:18 - Username is Entered
2022-09-09 19:39:02,704  INFO [main] mavenDemo1:22 - Password is Entered
2022-09-09 19:43:03,329  INFO [main] mavenDemo1:14 - URL is Entered
2022-09-09 19:43:10,409  INFO [main] mavenDemo1:18 - Username is Entered
2022-09-09 19:43:19,491  INFO [main] mavenDemo1:22 - Password is Entered
2022-09-09 19:46:24,520  INFO [main] mavenDemo1:14 - URL is Entered
2022-09-09 19:46:32,255  INFO [main] mavenDemo1:18 - Username is Entered
2022-09-09 19:46:41,332  INFO [main] mavenDemo1:22 - Password is Entered
2022-09-09 19:50:31,749  INFO [main] mavenDemo1:14 - URL is Entered
2022-09-09 19:50:39,359  INFO [main] mavenDemo1:18 - Username is Entered
2022-09-09 19:50:48,460  INFO [main] mavenDemo1:22 - Password is Entered
2022-09-09 19:57:02,029  INFO [main] mavenDemo1:14 - URL is Entered
2022-09-09 19:57:07,119  INFO [main] mavenDemo1:18 - Username is Entered
2022-09-09 19:57:48,542  INFO [main] mavenDemo1:22 - Password is Entered
2022-09-09 19:57:56,530  INFO [main] mavenDemo1:26 - login button is clicked
2022-09-09 19:58:05,503  INFO [main] mavenDemo1:32 - Homepage is displayed
2022-09-12 16:46:01,624  INFO [main] mavenDemo1:14 - URL is Entered
2022-09-12 16:46:11,498  INFO [main] mavenDemo1:18 - Username is Entered
2022-09-12 16:46:26,782  INFO [main] mavenDemo1:22 - Password is Entered
2022-09-12 16:46:31,885  INFO [main] mavenDemo1:26 - login button is clicked
2022-09-12 16:46:36,906  INFO [main] mavenDemo1:32 - Homepage is displayed
2022-09-12 16:47:38,943  INFO [main] mavenDemo1:14 - URL is Entered
2022-09-12 16:47:44,150  INFO [main] mavenDemo1:18 - Username is Entered
2022-09-12 16:47:44,292  INFO [main] mavenDemo1:21 - Password is Entered
2022-09-12 16:47:49,443  INFO [main] mavenDemo1:25 - login button is clicked
2022-09-12 16:48:19,827  INFO [main] mavenDemo1:31 - Homepage is displayed
2022-09-12 16:49:01,229  INFO [main] mavenDemo1:14 - URL is Entered
2022-09-12 16:49:06,411  INFO [main] mavenDemo1:18 - Username is Entered
2022-09-12 16:49:06,528  INFO [main] mavenDemo1:21 - Password is Entered
2022-09-12 16:49:11,674  INFO [main] mavenDemo1:25 - login button is clicked
2022-09-12 16:49:46,407  INFO [main] mavenDemo1:31 - Homepage is displayed
2022-09-12 16:51:38,513  INFO [main] mavenDemo1:14 - URL is Entered
2022-09-12 16:51:43,709  INFO [main] mavenDemo1:18 - Username is Entered
2022-09-12 16:52:19,402  INFO [main] mavenDemo1:21 - Password is Entered
2022-09-12 16:52:19,863  INFO [main] mavenDemo1:24 - login button is clicked
2022-09-12 16:52:30,516  INFO [main] mavenDemo1:30 - Homepage is displayed
2022-09-12 16:59:01,403  INFO [main] mavenDemo1:14 - URL is Entered
2022-09-12 16:59:07,298  INFO [main] mavenDemo1:18 - Username is Entered
2022-09-12 16:59:13,251  INFO [main] mavenDemo1:21 - Password is Entered
2022-09-12 16:59:15,262  INFO [main] mavenDemo1:24 - login button is clicked
2022-09-12 16:59:25,289  INFO [main] mavenDemo1:30 - Homepage is displayed
2022-09-12 17:01:28,998  INFO [main] mavenDemo1:14 - URL is Entered
2022-09-12 17:01:34,202  INFO [main] mavenDemo1:18 - Username is Entered
2022-09-12 17:01:37,392  INFO [main] mavenDemo1:21 - Password is Entered
2022-09-12 17:01:37,469  INFO [main] mavenDemo1:24 - login button is clicked
2022-09-12 17:02:13,241  INFO [main] mavenDemo1:30 - Homepage is displayed
2022-09-12 17:12:54,674  INFO [main] mavenDemo1:14 - URL is Entered
2022-09-12 17:13:01,391  INFO [main] mavenDemo1:18 - Username is Entered
2022-09-12 17:13:04,619  INFO [main] mavenDemo1:21 - Password is Entered
2022-09-12 17:13:04,704  INFO [main] mavenDemo1:24 - login button is clicked
2022-09-12 17:13:14,736  INFO [main] mavenDemo1:30 - Homepage is displayed
2022-09-12 17:17:56,856  INFO [main] mavenDemo1:14 - URL is Entered
2022-09-12 17:18:02,063  INFO [main] mavenDemo1:20 - Username is Entered
2022-09-12 17:18:05,192  INFO [main] mavenDemo1:24 - Password is Entered
2022-09-12 17:18:05,290  INFO [main] mavenDemo1:28 - login button is clicked
2022-09-12 17:18:45,664  INFO [main] mavenDemo1:34 - Homepage is displayed
2022-09-12 17:19:54,738  INFO [main] mavenDemo1:14 - URL is Entered
2022-09-12 17:19:59,931  INFO [main] mavenDemo1:20 - Username is Entered
2022-09-12 17:20:03,101  INFO [main] mavenDemo1:24 - Password is Entered
2022-09-12 17:20:03,204  INFO [main] mavenDemo1:28 - login button is clicked
2022-09-12 17:20:46,459  INFO [main] mavenDemo1:34 - Homepage is displayed
2022-09-12 17:33:35,691  INFO [main] mavenDemo1:14 - URL is Entered
2022-09-12 17:33:40,900  INFO [main] mavenDemo1:20 - Username is Entered
2022-09-12 17:33:44,068  INFO [main] mavenDemo1:24 - Password is Entered
2022-09-12 17:33:44,201  INFO [main] mavenDemo1:28 - login button is clicked
2022-09-12 17:34:21,326  INFO [main] mavenDemo1:34 - Homepage is displayed
2022-09-12 17:35:21,152  INFO [main] mavenDemo1:14 - URL is Entered
2022-09-12 17:35:54,309  INFO [main] mavenDemo1:20 - Username is Entered
2022-09-12 17:36:03,013  INFO [main] mavenDemo1:24 - Password is Entered
2022-09-12 17:36:05,951  INFO [main] mavenDemo1:28 - login button is clicked
2022-09-12 17:36:15,974  INFO [main] mavenDemo1:34 - Homepage is displayed
2022-09-12 17:38:39,920  INFO [main] mavenDemo1:14 - URL is Entered
2022-09-12 17:39:22,161  INFO [main] mavenDemo1:20 - Username is Entered
2022-09-12 17:39:31,684  INFO [main] mavenDemo1:24 - Password is Entered
2022-09-12 17:39:33,797  INFO [main] mavenDemo1:28 - login button is clicked
2022-09-12 17:39:43,835  INFO [main] mavenDemo1:34 - Homepage is displayed
2022-09-12 17:42:23,701  INFO [main] mavenDemo1:14 - URL is Entered
2022-09-12 17:42:31,816  INFO [main] mavenDemo1:20 - Username is Entered
2022-09-12 17:42:37,993  INFO [main] mavenDemo1:24 - Password is Entered
2022-09-12 17:42:38,062  INFO [main] mavenDemo1:28 - login button is clicked
2022-09-12 17:43:08,779  INFO [main] mavenDemo1:34 - Homepage is displayed
2022-09-12 17:50:06,664  INFO [main] mavenDemo1:14 - URL is Entered
2022-09-12 17:50:44,333  INFO [main] mavenDemo1:20 - Username is Entered
2022-09-12 17:50:55,777  INFO [main] mavenDemo1:24 - Password is Entered
2022-09-12 17:50:56,026  INFO [main] mavenDemo1:28 - login button is clicked
2022-09-12 17:51:16,051  INFO [main] mavenDemo1:34 - Homepage is displayed
2022-09-12 18:01:40,640  INFO [main] mavenDemo1:14 - URL is Entered
2022-09-12 18:01:48,821  INFO [main] mavenDemo1:20 - Username is Entered
2022-09-12 18:01:54,925  INFO [main] mavenDemo1:24 - Password is Entered
2022-09-12 18:01:54,997  INFO [main] mavenDemo1:28 - login button is clicked
2022-09-12 18:02:15,027  INFO [main] mavenDemo1:34 - Homepage is displayed
2022-09-12 18:06:19,576  INFO [main] mavenDemo1:14 - URL is Entered
2022-09-12 18:06:27,763  INFO [main] mavenDemo1:20 - Username is Entered
2022-09-12 18:07:07,809  INFO [main] mavenDemo1:24 - Password is Entered
2022-09-12 18:07:07,940  INFO [main] mavenDemo1:28 - login button is clicked
2022-09-12 18:09:17,584  INFO [main] mavenDemo1:14 - URL is Entered
2022-09-12 18:09:25,770  INFO [main] mavenDemo1:20 - Username is Entered
2022-09-12 18:09:55,005  INFO [main] mavenDemo1:24 - Password is Entered
2022-09-12 18:09:55,064  INFO [main] mavenDemo1:28 - login button is clicked
2022-09-12 18:10:15,097  INFO [main] mavenDemo1:34 - Homepage is displayed
2022-09-12 18:14:55,887  INFO [main] mavenDemo1:14 - URL is Entered
2022-09-12 18:16:52,801  INFO [main] mavenDemo1:14 - URL is Entered
2022-09-12 18:18:23,573  INFO [main] mavenDemo1:14 - URL is Entered
2022-09-12 18:18:23,624  INFO [main] mavenDemo1:20 - Homepage Login button is clicked
2022-09-12 18:18:23,769  INFO [main] mavenDemo1:22 - Username is Entered
2022-09-12 18:18:29,967  INFO [main] mavenDemo1:26 - Password is Entered
2022-09-12 18:18:30,085  INFO [main] mavenDemo1:30 - login button is clicked
2022-09-12 18:19:04,659  INFO [main] mavenDemo1:36 - Homepage is displayed
2022-09-12 18:21:24,061  INFO [main] mavenDemo1:14 - URL is Entered
2022-09-12 18:21:24,091  INFO [main] mavenDemo1:20 - Homepage Login button is clicked
2022-09-12 18:21:24,250  INFO [main] mavenDemo1:22 - Username is Entered
2022-09-12 18:21:30,450  INFO [main] mavenDemo1:26 - Password is Entered
2022-09-12 18:21:30,544  INFO [main] mavenDemo1:30 - login button is clicked
2022-09-12 18:22:11,574  INFO [main] mavenDemo1:36 - Homepage is displayed
2022-09-12 18:26:04,642  INFO [main] mavenDemo1:14 - URL is Entered
2022-09-12 18:26:04,767  INFO [main] mavenDemo1:22 - Username is Entered
2022-09-12 18:26:10,948  INFO [main] mavenDemo1:26 - Password is Entered
2022-09-12 18:26:11,054  INFO [main] mavenDemo1:30 - login button is clicked
2022-09-12 18:26:50,154  INFO [main] mavenDemo1:36 - Homepage is displayed
2022-09-13 14:54:48,969  INFO [main] mavenDemo1:14 - URL is Entered
2022-09-13 14:54:49,353  INFO [main] mavenDemo1:22 - Username is Entered
2022-09-13 14:54:55,431  INFO [main] mavenDemo1:26 - Password is Entered
2022-09-13 14:54:55,488  INFO [main] mavenDemo1:30 - login button is clicked
2022-09-13 14:55:36,304  INFO [main] mavenDemo1:36 - Homepage is displayed
2022-09-13 14:57:12,584  INFO [main] mavenDemo1:14 - URL is Entered
2022-09-13 14:57:12,694  INFO [main] mavenDemo1:22 - Username is Entered
2022-09-13 14:57:18,782  INFO [main] mavenDemo1:26 - Password is Entered
2022-09-13 14:57:18,842  INFO [main] mavenDemo1:30 - login button is clicked
2022-09-13 14:57:57,741  INFO [main] mavenDemo1:36 - Homepage is displayed
2022-09-30 19:06:30,668  INFO [main] mavenDemo1:13 - URL is Entered
2022-09-30 19:06:31,534  INFO [main] mavenDemo1:21 - Username is Entered
2022-09-30 19:06:51,952  INFO [main] mavenDemo1:25 - Password is Entered
2022-09-30 19:06:54,035  INFO [main] mavenDemo1:29 - login button is clicked
2022-09-30 19:07:14,093  INFO [main] mavenDemo1:35 - Homepage is displayed
2022-10-11 16:36:28,917  INFO [main] mavenDemo1:13 - URL is Entered
2022-10-11 16:36:32,533  INFO [main] mavenDemo1:21 - Username is Entered
2022-10-11 16:36:38,679  INFO [main] mavenDemo1:25 - Password is Entered
2022-10-11 16:36:38,744  INFO [main] mavenDemo1:29 - login button is clicked
2022-10-11 16:36:58,783  INFO [main] mavenDemo1:35 - Homepage is displayed
2022-10-17 18:26:26,081  INFO [main] mavenDemo1:13 - URL is Entered
2022-10-17 18:26:26,415  INFO [main] mavenDemo1:21 - Username is Entered
2022-10-17 18:26:32,558  INFO [main] mavenDemo1:25 - Password is Entered
2022-10-17 18:26:32,669  INFO [main] mavenDemo1:29 - login button is clicked
2022-10-17 18:26:52,837  INFO [main] mavenDemo1:35 - Homepage is displayed
2022-11-04 14:53:38,030  INFO [main] mavenDemo1:13 - URL is Entered
2022-11-04 14:53:38,584  INFO [main] mavenDemo1:21 - Username is Entered
2022-11-04 14:53:44,715  INFO [main] mavenDemo1:25 - Password is Entered
2022-11-04 14:53:44,777  INFO [main] mavenDemo1:29 - login button is clicked
2022-11-04 14:56:51,201  INFO [main] mavenDemo1:13 - URL is Entered
2022-11-04 14:56:51,776  INFO [main] mavenDemo1:21 - Username is Entered
2022-11-04 14:56:57,890  INFO [main] mavenDemo1:25 - Password is Entered
2022-11-04 14:56:57,946  INFO [main] mavenDemo1:29 - login button is clicked
2022-11-04 14:57:17,996  INFO [main] mavenDemo1:35 - Homepage is displayed
2022-11-05 17:08:24,398  INFO [main] mavenDemo1:13 - URL is Entered
2022-11-05 17:46:50,346  INFO [main] mavenDemo1:13 - URL is Entered
2022-11-05 17:46:50,981  INFO [main] mavenDemo1:21 - Username is Entered
2022-11-05 17:46:57,161  INFO [main] mavenDemo1:25 - Password is Entered
2022-11-05 17:46:57,426  INFO [main] mavenDemo1:29 - login button is clicked
2022-11-05 17:47:17,467  INFO [main] mavenDemo1:35 - Homepage is displayed
2022-11-05 17:49:12,358  INFO [main] mavenDemo1:13 - URL is Entered
2022-11-05 17:49:12,486  INFO [main] mavenDemo1:21 - Username is Entered
2022-11-05 17:49:18,688  INFO [main] mavenDemo1:25 - Password is Entered
2022-11-05 17:49:18,769  INFO [main] mavenDemo1:29 - login button is clicked
2022-11-05 17:49:38,846  INFO [main] mavenDemo1:35 - Homepage is displayed
2022-11-05 17:56:20,372  INFO [main] mavenDemo1:13 - URL is Entered
2022-11-05 17:56:21,014  INFO [main] mavenDemo1:21 - Username is Entered
2022-11-05 17:56:27,160  INFO [main] mavenDemo1:25 - Password is Entered
2022-11-05 17:56:27,236  INFO [main] mavenDemo1:29 - login button is clicked
2022-11-05 17:56:47,317  INFO [main] mavenDemo1:35 - Homepage is displayed
2022-11-05 19:34:53,575  INFO [main] mavenDemo1:13 - URL is Entered
2022-11-05 19:34:56,122  INFO [main] mavenDemo1:21 - Username is Entered
2022-11-05 19:35:03,568  INFO [main] mavenDemo1:25 - Password is Entered
2022-11-05 19:35:03,781  INFO [main] mavenDemo1:29 - login button is clicked
2022-11-05 19:35:23,850  INFO [main] mavenDemo1:35 - Homepage is displayed
2022-11-06 19:23:29,360  INFO [main] mavenDemo1:13 - URL is Entered
2022-11-06 19:23:30,921  INFO [main] mavenDemo1:21 - Username is Entered
2022-11-06 19:23:37,086  INFO [main] mavenDemo1:25 - Password is Entered
2022-11-06 19:23:37,610  INFO [main] mavenDemo1:29 - login button is clicked
2022-11-06 19:23:57,644  INFO [main] mavenDemo1:35 - Homepage is displayed
